<?xml version="1.0" encoding="UTF-8"?>
<!-- Generated by org.testng.reporters.JUnitReportReporter -->
<testsuite hostname="DESKTOP-MSVP3CH" failures="0" tests="1" name="com.TestNGCodes.NoOfWebelements" time="45.732" errors="0" timestamp="30 Jun 2019 10:25:46 GMT" skipped="0">
  <testcase classname="com.TestNGCodes.NoOfWebelements" name="abc" time="45.732"/>
</testsuite> <!-- com.TestNGCodes.NoOfWebelements -->
