<?xml version="1.0" encoding="UTF-8"?>
<!-- Generated by org.testng.reporters.JUnitReportReporter -->
<testsuite hostname="DESKTOP-MSVP3CH" failures="0" tests="2" name="com.TestNGCodes.DataProviderrr" time="40.926" errors="0" timestamp="25 Jun 2019 08:05:24 GMT" skipped="0">
  <testcase classname="com.TestNGCodes.DataProviderrr" name="zas" time="18.511"/>
  <testcase classname="com.TestNGCodes.DataProviderrr" name="zas" time="22.415"/>
</testsuite> <!-- com.TestNGCodes.DataProviderrr -->
