<?xml version="1.0" encoding="UTF-8"?>
<!-- Generated by org.testng.reporters.JUnitReportReporter -->
<testsuite hostname="DESKTOP-MSVP3CH" failures="0" tests="1" name="com.TestNGCodes.ParellelTestExecution1" time="46.090" errors="0" timestamp="23 Jun 2019 14:52:20 GMT" skipped="0">
  <testcase classname="com.TestNGCodes.ParellelTestExecution1" name="axs" time="46.090"/>
</testsuite> <!-- com.TestNGCodes.ParellelTestExecution1 -->
