<?xml version="1.0" encoding="UTF-8"?>
<!-- Generated by org.testng.reporters.JUnitReportReporter -->
<testsuite hostname="DESKTOP-MSVP3CH" failures="0" tests="1" name="com.TestNGCodes.ParellelTestExecution" time="35.821" errors="0" timestamp="23 Jun 2019 14:52:20 GMT" skipped="0">
  <testcase classname="com.TestNGCodes.ParellelTestExecution" name="abc" time="35.821"/>
</testsuite> <!-- com.TestNGCodes.ParellelTestExecution -->
